ISC file: ./ISCAS-85/c17.isc

Circuit initalizated.
Random patterns generated on Input gates, parallel pattern count 64.
Good circuit output calculated.
gateFunc: 0
isc_identifier: 1gat, type G_PI
	 expected output: 0000001111001001101111100101010111000010101011010110011100011011
	 actual   output: 0000001111001001101111100101010111000010101011010110011100011011
gateFunc: 0
isc_identifier: 2gat, type G_PI
	 expected output: 0010110101111000010000110111100101101101110000100000010011010110
	 actual   output: 0010110101111000010000110111100101101101110000100000010011010110
gateFunc: 0
isc_identifier: 3gat, type G_PI
	 expected output: 0011001111000101001010100111011000111001100101101011110101101110
	 actual   output: 0011001111000101001010100111011000111001100101101011110101101110
gateFunc: 13
isc_identifier: 8fan, type G_FROM
	 input    value : 0011001111000101001010100111011000111001100101101011110101101110
	 expected output: 0011001111000101001010100111011000111001100101101011110101101110
	 actual   output: 0011001111000101001010100111011000111001100101101011110101101110
gateFunc: 13
isc_identifier: 9fan, type G_FROM
	 input    value : 0011001111000101001010100111011000111001100101101011110101101110
	 expected output: 0011001111000101001010100111011000111001100101101011110101101110
	 actual   output: 0011001111000101001010100111011000111001100101101011110101101110
gateFunc: 0
isc_identifier: 6gat, type G_PI
	 expected output: 0010101100001101000110101001101001010101011011011010010010101010
	 actual   output: 0010101100001101000110101001101001010101011011011010010010101010
gateFunc: 0
isc_identifier: 7gat, type G_PI
	 expected output: 1011101110110000000011100000100101100011100011100011010101010000
	 actual   output: 1011101110110000000011100000100101100011100011100011010101010000
gateFunc: 6
isc_identifier: 10gat, type G_NAND
	 input    value : 0000001111001001101111100101010111000010101011010110011100011011
	 input    value : 0011001111000101001010100111011000111001100101101011110101101110
	 expected output: 1111110000111110110101011010101111111111011110111101101011110101
	 actual   output: 1111110000111110110101011010101111111111011110111101101011110101
gateFunc: 6
isc_identifier: 11gat, type G_NAND
	 input    value : 0011001111000101001010100111011000111001100101101011110101101110
	 input    value : 0010101100001101000110101001101001010101011011011010010010101010
	 expected output: 1101110011111010111101011110110111101110111110110101101111010101
	 actual   output: 1101110011111010111101011110110111101110111110110101101111010101
gateFunc: 13
isc_identifier: 14fan, type G_FROM
	 input    value : 1101110011111010111101011110110111101110111110110101101111010101
	 expected output: 1101110011111010111101011110110111101110111110110101101111010101
	 actual   output: 1101110011111010111101011110110111101110111110110101101111010101
gateFunc: 13
isc_identifier: 15fan, type G_FROM
	 input    value : 1101110011111010111101011110110111101110111110110101101111010101
	 expected output: 1101110011111010111101011110110111101110111110110101101111010101
	 actual   output: 1101110011111010111101011110110111101110111110110101101111010101
gateFunc: 6
isc_identifier: 16gat, type G_NAND
	 input    value : 0010110101111000010000110111100101101101110000100000010011010110
	 input    value : 1101110011111010111101011110110111101110111110110101101111010101
	 expected output: 1111111111111111111111111111111111111111111111111111111111111111
	 actual   output: 1111001110000111101111101001011010010011001111011111111100101011
gateFunc: 13
isc_identifier: 20fan, type G_FROM
	 input    value : 1111001110000111101111101001011010010011001111011111111100101011
	 expected output: 1111111111111111111111111111111111111111111111111111111111111111
	 actual   output: 1111001110000111101111101001011010010011001111011111111100101011
gateFunc: 13
isc_identifier: 21fan, type G_FROM
	 input    value : 1111001110000111101111101001011010010011001111011111111100101011
	 expected output: 1111111111111111111111111111111111111111111111111111111111111111
	 actual   output: 1111001110000111101111101001011010010011001111011111111100101011
gateFunc: 6
isc_identifier: 19gat, type G_NAND
	 input    value : 1101110011111010111101011110110111101110111110110101101111010101
	 input    value : 1011101110110000000011100000100101100011100011100011010101010000
	 expected output: 1111111111111111111111111111111111111111111111111111111111111111
	 actual   output: 0110011101001111111110111111011010011101011101011110111010101111
gateFunc: 6
isc_identifier: 22gat, type G_NAND
	 input    value : 1111110000111110110101011010101111111111011110111101101011110101
	 input    value : 1111001110000111101111101001011010010011001111011111111100101011
	 expected output: 1111111111111111111111111111111111111111111111111111111111111111
	 actual   output: 0000111111111001011010110111110101101100110001100010010111011110
gateFunc: 6
isc_identifier: 23gat, type G_NAND
	 input    value : 1111001110000111101111101001011010010011001111011111111100101011
	 input    value : 0110011101001111111110111111011010011101011101011110111010101111
	 expected output: 1111111111111111111111111111111111111111111111111111111111111111
	 actual   output: 1001110011111000010001010110100101101110110010100001000111010100

Injecting SA faults one at a time. See if any 64 parallel Pattern could catch the fault.

== Injecting SA1 on 1gat. Remaining sa error: 21
PO: 22gat
expected output: 1111111111111111111111111111111111111111111111111111111111111111
actual   output: 0011111111111101011010110111111101111101110101101011110111111110
stuck error detected on gate 1gat, removed the >sa1 from the SAlist.
1gat SA1 detected by 15 Input Patterns. Details of the first Input/Output pattern:
	Input   Pattern: 1gat_1,2gat_0,3gat_0,6gat_0,7gat_0,
	Output Expected: 22gat_1,
	Output   Actual: 22gat_0,

== Injecting SA1 on 2gat. Remaining sa error: 20
PO: 22gat
expected output: 1111111111111111111111111111111111111111111111111111111111111111
actual   output: 1101111111111011111111111111110111101110111111110111111111011111
stuck error detected on gate 2gat, removed the >sa1 from the SAlist.
2gat SA1 detected by 7 Input Patterns. Details of the first Input/Output pattern:
	Input   Pattern: 1gat_0,2gat_0,3gat_1,6gat_1,7gat_0,
	Output Expected: 22gat_1,
	Output   Actual: 22gat_0,

== Injecting SA0 on 3gat. Remaining sa error: 19
PO: 22gat
expected output: 1111111111111111111111111111111111111111111111111111111111111111
actual   output: 0000111111111001011010110111110101101100110001100010010111011110
stuck error detected on gate 3gat, removed the >sa0 from the SAlist.
3gat SA0 detected by 26 Input Patterns. Details of the first Input/Output pattern:
	Input   Pattern: 1gat_1,2gat_0,3gat_0,6gat_0,7gat_0,
	Output Expected: 22gat_1,
	Output   Actual: 22gat_0,

== Injecting SA1 on 3gat. Remaining sa error: 18
PO: 22gat
expected output: 1111111111111111111111111111111111111111111111111111111111111111
actual   output: 0000111111111001011010110111110101101100110001100010010111011110
stuck error detected on gate 3gat, removed the >sa1 from the SAlist.
3gat SA1 detected by 26 Input Patterns. Details of the first Input/Output pattern:
	Input   Pattern: 1gat_1,2gat_0,3gat_0,6gat_0,7gat_0,
	Output Expected: 22gat_1,
	Output   Actual: 22gat_0,

== Injecting SA1 on 8fan. Remaining sa error: 17
PO: 22gat
expected output: 1111111111111111111111111111111111111111111111111111111111111111
actual   output: 0000111111111001111111110111110111101110111011110110011111011111
stuck error detected on gate 8fan, removed the >sa1 from the SAlist.
8fan SA1 detected by 15 Input Patterns. Details of the first Input/Output pattern:
	Input   Pattern: 1gat_0,2gat_0,3gat_1,6gat_1,7gat_0,
	Output Expected: 22gat_1,
	Output   Actual: 22gat_0,

== Injecting SA1 on 9fan. Remaining sa error: 16
PO: 22gat
expected output: 1111111111111111111111111111111111111111111111111111111111111111
actual   output: 0000011111110001011010110111010100101000100001100010010101011110
stuck error detected on gate 9fan, removed the >sa1 from the SAlist.
9fan SA1 detected by 33 Input Patterns. Details of the first Input/Output pattern:
	Input   Pattern: 1gat_1,2gat_0,3gat_0,6gat_0,7gat_0,
	Output Expected: 22gat_1,
	Output   Actual: 22gat_0,

== Injecting SA1 on 6gat. Remaining sa error: 15
PO: 22gat
expected output: 1111111111111111111111111111111111111111111111111111111111111111
actual   output: 0000111111111001011010110101110101000100110001000010010110011010
stuck error detected on gate 6gat, removed the >sa1 from the SAlist.
6gat SA1 detected by 32 Input Patterns. Details of the first Input/Output pattern:
	Input   Pattern: 1gat_1,2gat_0,3gat_0,6gat_0,7gat_0,
	Output Expected: 22gat_1,
	Output   Actual: 22gat_0,

== Injecting SA1 on 7gat. Remaining sa error: 14
PO: 22gat
expected output: 1111111111111111111111111111111111111111111111111111111111111111
actual   output: 0000111111111001011010110111110101101100110001100010010111011110
stuck error detected on gate 7gat, removed the >sa1 from the SAlist.
7gat SA1 detected by 26 Input Patterns. Details of the first Input/Output pattern:
	Input   Pattern: 1gat_1,2gat_0,3gat_0,6gat_0,7gat_0,
	Output Expected: 22gat_1,
	Output   Actual: 22gat_0,

== Injecting SA1 on 10gat. Remaining sa error: 13
PO: 22gat
expected output: 1111111111111111111111111111111111111111111111111111111111111111
actual   output: 0000111111111001011010110111110101101100110001100010010111011110
stuck error detected on gate 10gat, removed the >sa1 from the SAlist.
10gat SA1 detected by 26 Input Patterns. Details of the first Input/Output pattern:
	Input   Pattern: 1gat_1,2gat_0,3gat_0,6gat_0,7gat_0,
	Output Expected: 22gat_1,
	Output   Actual: 22gat_0,

== Injecting SA0 on 11gat. Remaining sa error: 12
PO: 22gat
expected output: 1111111111111111111111111111111111111111111111111111111111111111
actual   output: 0000111111111001011010110111110101101100110001100010010111011110
stuck error detected on gate 11gat, removed the >sa0 from the SAlist.
11gat SA0 detected by 26 Input Patterns. Details of the first Input/Output pattern:
	Input   Pattern: 1gat_1,2gat_0,3gat_0,6gat_0,7gat_0,
	Output Expected: 22gat_1,
	Output   Actual: 22gat_0,

== Injecting SA1 on 11gat. Remaining sa error: 11
PO: 22gat
expected output: 1111111111111111111111111111111111111111111111111111111111111111
actual   output: 0000111111111001011010110111110101101100110001100010010111011110
stuck error detected on gate 11gat, removed the >sa1 from the SAlist.
11gat SA1 detected by 26 Input Patterns. Details of the first Input/Output pattern:
	Input   Pattern: 1gat_1,2gat_0,3gat_0,6gat_0,7gat_0,
	Output Expected: 22gat_1,
	Output   Actual: 22gat_0,

== Injecting SA1 on 14fan. Remaining sa error: 10
PO: 22gat
expected output: 1111111111111111111111111111111111111111111111111111111111111111
actual   output: 0000111111111001011010110111110101101100110001100010010111011110
stuck error detected on gate 14fan, removed the >sa1 from the SAlist.
14fan SA1 detected by 26 Input Patterns. Details of the first Input/Output pattern:
	Input   Pattern: 1gat_1,2gat_0,3gat_0,6gat_0,7gat_0,
	Output Expected: 22gat_1,
	Output   Actual: 22gat_0,

== Injecting SA1 on 15fan. Remaining sa error: 9
PO: 22gat
expected output: 1111111111111111111111111111111111111111111111111111111111111111
actual   output: 0000111111111001011010110111110101101100110001100010010111011110
stuck error detected on gate 15fan, removed the >sa1 from the SAlist.
15fan SA1 detected by 26 Input Patterns. Details of the first Input/Output pattern:
	Input   Pattern: 1gat_1,2gat_0,3gat_0,6gat_0,7gat_0,
	Output Expected: 22gat_1,
	Output   Actual: 22gat_0,

== Injecting SA0 on 16gat. Remaining sa error: 8
PO: 22gat
expected output: 1111111111111111111111111111111111111111111111111111111111111111
actual   output: 0000111111111001011010110111110101101100110001100010010111011110
stuck error detected on gate 16gat, removed the >sa0 from the SAlist.
16gat SA0 detected by 26 Input Patterns. Details of the first Input/Output pattern:
	Input   Pattern: 1gat_1,2gat_0,3gat_0,6gat_0,7gat_0,
	Output Expected: 22gat_1,
	Output   Actual: 22gat_0,

== Injecting SA1 on 16gat. Remaining sa error: 7
PO: 22gat
expected output: 1111111111111111111111111111111111111111111111111111111111111111
actual   output: 0000111111111001011010110111110101101100110001100010010111011110
stuck error detected on gate 16gat, removed the >sa1 from the SAlist.
16gat SA1 detected by 26 Input Patterns. Details of the first Input/Output pattern:
	Input   Pattern: 1gat_1,2gat_0,3gat_0,6gat_0,7gat_0,
	Output Expected: 22gat_1,
	Output   Actual: 22gat_0,

== Injecting SA1 on 20fan. Remaining sa error: 6
PO: 22gat
expected output: 1111111111111111111111111111111111111111111111111111111111111111
actual   output: 0000111111111001011010110111110101101100110001100010010111011110
stuck error detected on gate 20fan, removed the >sa1 from the SAlist.
20fan SA1 detected by 26 Input Patterns. Details of the first Input/Output pattern:
	Input   Pattern: 1gat_1,2gat_0,3gat_0,6gat_0,7gat_0,
	Output Expected: 22gat_1,
	Output   Actual: 22gat_0,

== Injecting SA1 on 21fan. Remaining sa error: 5
PO: 22gat
expected output: 1111111111111111111111111111111111111111111111111111111111111111
actual   output: 0000111111111001011010110111110101101100110001100010010111011110
stuck error detected on gate 21fan, removed the >sa1 from the SAlist.
21fan SA1 detected by 26 Input Patterns. Details of the first Input/Output pattern:
	Input   Pattern: 1gat_1,2gat_0,3gat_0,6gat_0,7gat_0,
	Output Expected: 22gat_1,
	Output   Actual: 22gat_0,

== Injecting SA1 on 19gat. Remaining sa error: 4
PO: 22gat
expected output: 1111111111111111111111111111111111111111111111111111111111111111
actual   output: 0000111111111001011010110111110101101100110001100010010111011110
stuck error detected on gate 19gat, removed the >sa1 from the SAlist.
19gat SA1 detected by 26 Input Patterns. Details of the first Input/Output pattern:
	Input   Pattern: 1gat_1,2gat_0,3gat_0,6gat_0,7gat_0,
	Output Expected: 22gat_1,
	Output   Actual: 22gat_0,

== Injecting SA0 on 22gat. Remaining sa error: 3
PO: 22gat
expected output: 1111111111111111111111111111111111111111111111111111111111111111
actual   output: 0000111111111001011010110111110101101100110001100010010111011110
stuck error detected on gate 22gat, removed the >sa0 from the SAlist.
22gat SA0 detected by 26 Input Patterns. Details of the first Input/Output pattern:
	Input   Pattern: 1gat_1,2gat_0,3gat_0,6gat_0,7gat_0,
	Output Expected: 22gat_1,
	Output   Actual: 22gat_0,

== Injecting SA1 on 22gat. Remaining sa error: 2
PO: 22gat
expected output: 1111111111111111111111111111111111111111111111111111111111111111
actual   output: 0000111111111001011010110111110101101100110001100010010111011110
stuck error detected on gate 22gat, removed the >sa1 from the SAlist.
22gat SA1 detected by 26 Input Patterns. Details of the first Input/Output pattern:
	Input   Pattern: 1gat_1,2gat_0,3gat_0,6gat_0,7gat_0,
	Output Expected: 22gat_1,
	Output   Actual: 22gat_0,

== Injecting SA0 on 23gat. Remaining sa error: 1
PO: 22gat
expected output: 1111111111111111111111111111111111111111111111111111111111111111
actual   output: 0000111111111001011010110111110101101100110001100010010111011110
stuck error detected on gate 23gat, removed the >sa0 from the SAlist.
23gat SA0 detected by 26 Input Patterns. Details of the first Input/Output pattern:
	Input   Pattern: 1gat_1,2gat_0,3gat_0,6gat_0,7gat_0,
	Output Expected: 22gat_1,
	Output   Actual: 22gat_0,

== Injecting SA1 on 23gat. Remaining sa error: 0
PO: 22gat
expected output: 1111111111111111111111111111111111111111111111111111111111111111
actual   output: 0000111111111001011010110111110101101100110001100010010111011110
stuck error detected on gate 23gat, removed the >sa1 from the SAlist.
23gat SA1 detected by 26 Input Patterns. Details of the first Input/Output pattern:
	Input   Pattern: 1gat_1,2gat_0,3gat_0,6gat_0,7gat_0,
	Output Expected: 22gat_1,
	Output   Actual: 22gat_0,
Total SA errors: 22, detected 22. detect ratio 1
